2024-10-15 05:15:50,info,Starting import from /Users/mfierbau/sw_projects/ansible/disney-backbone/secure_crt/secure_crt_DISNEY-BACKBONE.xml to /Users/mfierbau/Library/Application Support/VanDyke/SecureCRT/Config
2024-10-15 05:15:50,info,Importing sessions...
2024-10-15 05:15:50,info,Importing folder '/DISNEY-BACKBONE'...
2024-10-15 05:15:50,info,Importing session '/DISNEY-BACKBONE/WE1.DC1.61'...
2024-10-15 05:15:50,info,Importing session '/DISNEY-BACKBONE/WE2.DC1.62'...
2024-10-15 05:15:50,info,Importing session '/DISNEY-BACKBONE/WE1.DC2.63'...
2024-10-15 05:15:50,info,Importing session '/DISNEY-BACKBONE/WE2.DC2.64'...
2024-10-15 05:15:50,info,Importing session '/DISNEY-BACKBONE/WC1.101'...
2024-10-15 05:15:50,info,Importing session '/DISNEY-BACKBONE/WC2.201'...
2024-10-15 05:15:50,info,Importing session '/DISNEY-BACKBONE/WC1.102'...
2024-10-15 05:15:50,info,Importing session '/DISNEY-BACKBONE/WC2.202'...
2024-10-15 05:15:50,info,Importing session '/DISNEY-BACKBONE/WC1.103'...
2024-10-15 05:15:50,info,Importing session '/DISNEY-BACKBONE/WC2.203'...
2024-10-15 05:15:50,info,Importing session '/DISNEY-BACKBONE/WC1.104'...
2024-10-15 05:15:50,info,Importing session '/DISNEY-BACKBONE/WC2.204'...
2024-10-15 05:15:50,info,Importing session '/DISNEY-BACKBONE/RR1.WEST.51'...
2024-10-15 05:15:50,info,Importing session '/DISNEY-BACKBONE/RR2.WEST.52'...
2024-10-15 05:15:50,info,Importing session '/DISNEY-BACKBONE/RR1.EAST.53'...
2024-10-15 05:15:50,info,Importing session '/DISNEY-BACKBONE/RR2.EAST.54'...
2024-10-15 05:15:50,info,Importing firewalls...
2024-10-15 05:15:50,warn,No settings for firewalls could be found in file to import
2024-10-15 05:15:50,info,Importing saved credentials...
2024-10-15 05:15:50,warn,No settings for saved credentials could be found in file to import
2024-10-15 05:15:50,info,Importing highlight keywords...
2024-10-15 05:15:50,warn,No settings for highlight keywords could be found in file to import
2024-10-15 05:15:50,info,Importing button bars...
2024-10-15 05:15:50,warn,No settings for button bars could be found in file to import
2024-10-15 05:15:50,info,Importing color schemes...
2024-10-15 05:15:50,warn,No settings for color schemes could be found in file to import
2024-10-15 05:15:50,info,Importing protocol options...
2024-10-15 05:15:50,warn,No settings for protocol options could be found in file to import
2024-10-15 05:15:50,info,Importing synchronize sessions...
2024-10-15 05:15:50,warn,No settings for synchronize sessions could be found in file to import
2024-10-15 05:15:50,info,Importing synchronize filters...
2024-10-15 05:15:50,warn,No settings for synchronize filters could be found in file to import
2024-10-15 05:15:50,info,Importing associated files...
2024-10-15 05:15:50,info,Import from /Users/mfierbau/sw_projects/ansible/disney-backbone/secure_crt/secure_crt_DISNEY-BACKBONE.xml to /Users/mfierbau/Library/Application Support/VanDyke/SecureCRT/Config complete
2024-10-15 05:16:36,info,Starting import from /Users/mfierbau/sw_projects/ansible/disney-backbone/secure_crt/secure_crt_DISNEY-BACKBONE.xml to /Users/mfierbau/Library/Application Support/VanDyke/SecureCRT/Config
2024-10-15 05:16:36,info,Importing sessions...
2024-10-15 05:16:36,info,Importing folder '/DISNEY-BACKBONE'...
2024-10-15 05:16:36,info,Importing session '/DISNEY-BACKBONE/WE1.DC1.61'...
2024-10-15 05:16:36,info,Importing session '/DISNEY-BACKBONE/WE2.DC1.62'...
2024-10-15 05:16:36,info,Importing session '/DISNEY-BACKBONE/WE1.DC2.63'...
2024-10-15 05:16:36,info,Importing session '/DISNEY-BACKBONE/WE2.DC2.64'...
2024-10-15 05:16:36,info,Importing session '/DISNEY-BACKBONE/WC1.101'...
2024-10-15 05:16:36,info,Importing session '/DISNEY-BACKBONE/WC2.201'...
2024-10-15 05:16:36,info,Importing session '/DISNEY-BACKBONE/WC1.102'...
2024-10-15 05:16:36,info,Importing session '/DISNEY-BACKBONE/WC2.202'...
2024-10-15 05:16:36,info,Importing session '/DISNEY-BACKBONE/WC1.103'...
2024-10-15 05:16:36,info,Importing session '/DISNEY-BACKBONE/WC2.203'...
2024-10-15 05:16:36,info,Importing session '/DISNEY-BACKBONE/WC1.104'...
2024-10-15 05:16:36,info,Importing session '/DISNEY-BACKBONE/WC2.204'...
2024-10-15 05:16:36,info,Importing session '/DISNEY-BACKBONE/RR1.WEST.51'...
2024-10-15 05:16:36,info,Importing session '/DISNEY-BACKBONE/RR2.WEST.52'...
2024-10-15 05:16:36,info,Importing session '/DISNEY-BACKBONE/RR1.EAST.53'...
2024-10-15 05:16:36,info,Importing session '/DISNEY-BACKBONE/RR2.EAST.54'...
2024-10-15 05:16:36,info,Importing firewalls...
2024-10-15 05:16:36,warn,No settings for firewalls could be found in file to import
2024-10-15 05:16:36,info,Importing saved credentials...
2024-10-15 05:16:36,warn,No settings for saved credentials could be found in file to import
2024-10-15 05:16:36,info,Importing highlight keywords...
2024-10-15 05:16:36,warn,No settings for highlight keywords could be found in file to import
2024-10-15 05:16:36,info,Importing button bars...
2024-10-15 05:16:36,warn,No settings for button bars could be found in file to import
2024-10-15 05:16:36,info,Importing color schemes...
2024-10-15 05:16:36,warn,No settings for color schemes could be found in file to import
2024-10-15 05:16:36,info,Importing protocol options...
2024-10-15 05:16:36,warn,No settings for protocol options could be found in file to import
2024-10-15 05:16:36,info,Importing synchronize sessions...
2024-10-15 05:16:36,warn,No settings for synchronize sessions could be found in file to import
2024-10-15 05:16:36,info,Importing synchronize filters...
2024-10-15 05:16:36,warn,No settings for synchronize filters could be found in file to import
2024-10-15 05:16:36,info,Importing associated files...
2024-10-15 05:16:36,info,Import from /Users/mfierbau/sw_projects/ansible/disney-backbone/secure_crt/secure_crt_DISNEY-BACKBONE.xml to /Users/mfierbau/Library/Application Support/VanDyke/SecureCRT/Config complete
2024-10-24 08:02:46,info,Starting import from /Users/mfierbau/sw_projects/ansible/disney-backbone/secure_crt/secure_crt_DISNEY-BACKBONE.xml to /Users/mfierbau/Library/Application Support/VanDyke/SecureCRT/Config
2024-10-24 08:02:46,info,Importing sessions...
2024-10-24 08:02:46,info,Importing folder '/DISNEY-BACKBONE'...
2024-10-24 08:02:46,info,Importing session '/DISNEY-BACKBONE/WE1.DC1.61'...
2024-10-24 08:02:46,info,Importing session '/DISNEY-BACKBONE/WE2.DC1.62'...
2024-10-24 08:02:46,info,Importing session '/DISNEY-BACKBONE/WE1.DC2.63'...
2024-10-24 08:02:46,info,Importing session '/DISNEY-BACKBONE/WE2.DC2.64'...
2024-10-24 08:02:46,info,Importing session '/DISNEY-BACKBONE/WC1.101'...
2024-10-24 08:02:46,info,Importing session '/DISNEY-BACKBONE/WC2.201'...
2024-10-24 08:02:46,info,Importing session '/DISNEY-BACKBONE/WC1.102'...
2024-10-24 08:02:46,info,Importing session '/DISNEY-BACKBONE/WC2.202'...
2024-10-24 08:02:46,info,Importing session '/DISNEY-BACKBONE/WC1.103'...
2024-10-24 08:02:46,info,Importing session '/DISNEY-BACKBONE/WC2.203'...
2024-10-24 08:02:46,info,Importing session '/DISNEY-BACKBONE/WC1.104'...
2024-10-24 08:02:46,info,Importing session '/DISNEY-BACKBONE/WC2.204'...
2024-10-24 08:02:46,info,Importing session '/DISNEY-BACKBONE/RR1.WEST.51'...
2024-10-24 08:02:46,info,Importing session '/DISNEY-BACKBONE/RR2.WEST.52'...
2024-10-24 08:02:46,info,Importing session '/DISNEY-BACKBONE/RR1.EAST.53'...
2024-10-24 08:02:46,info,Importing session '/DISNEY-BACKBONE/RR2.EAST.54'...
2024-10-24 08:02:46,info,Importing firewalls...
2024-10-24 08:02:46,warn,No settings for firewalls could be found in file to import
2024-10-24 08:02:46,info,Importing saved credentials...
2024-10-24 08:02:46,warn,No settings for saved credentials could be found in file to import
2024-10-24 08:02:46,info,Importing highlight keywords...
2024-10-24 08:02:46,warn,No settings for highlight keywords could be found in file to import
2024-10-24 08:02:46,info,Importing button bars...
2024-10-24 08:02:46,warn,No settings for button bars could be found in file to import
2024-10-24 08:02:46,info,Importing color schemes...
2024-10-24 08:02:46,warn,No settings for color schemes could be found in file to import
2024-10-24 08:02:46,info,Importing protocol options...
2024-10-24 08:02:46,warn,No settings for protocol options could be found in file to import
2024-10-24 08:02:46,info,Importing synchronize sessions...
2024-10-24 08:02:46,warn,No settings for synchronize sessions could be found in file to import
2024-10-24 08:02:46,info,Importing synchronize filters...
2024-10-24 08:02:46,warn,No settings for synchronize filters could be found in file to import
2024-10-24 08:02:46,info,Importing associated files...
2024-10-24 08:02:46,info,Import from /Users/mfierbau/sw_projects/ansible/disney-backbone/secure_crt/secure_crt_DISNEY-BACKBONE.xml to /Users/mfierbau/Library/Application Support/VanDyke/SecureCRT/Config complete
2024-10-24 08:08:43,info,Starting import from /Users/mfierbau/sw_projects/ansible/disney-backbone/secure_crt/secure_crt_DISNEY-BACKBONE.xml to /Users/mfierbau/Library/Application Support/VanDyke/SecureCRT/Config
2024-10-24 08:08:43,info,Importing sessions...
2024-10-24 08:08:43,info,Importing folder '/DISNEY-BACKBONE'...
2024-10-24 08:08:43,info,Importing session '/DISNEY-BACKBONE/WE1.DC1.61'...
2024-10-24 08:08:43,info,Importing session '/DISNEY-BACKBONE/WE2.DC1.62'...
2024-10-24 08:08:43,info,Importing session '/DISNEY-BACKBONE/WE1.DC2.63'...
2024-10-24 08:08:43,info,Importing session '/DISNEY-BACKBONE/WE2.DC2.64'...
2024-10-24 08:08:43,info,Importing session '/DISNEY-BACKBONE/WC1.101'...
2024-10-24 08:08:43,info,Importing session '/DISNEY-BACKBONE/WC2.201'...
2024-10-24 08:08:43,info,Importing session '/DISNEY-BACKBONE/WC1.102'...
2024-10-24 08:08:43,info,Importing session '/DISNEY-BACKBONE/WC2.202'...
2024-10-24 08:08:43,info,Importing session '/DISNEY-BACKBONE/WC1.103'...
2024-10-24 08:08:43,info,Importing session '/DISNEY-BACKBONE/WC2.203'...
2024-10-24 08:08:43,info,Importing session '/DISNEY-BACKBONE/WC1.104'...
2024-10-24 08:08:43,info,Importing session '/DISNEY-BACKBONE/WC2.204'...
2024-10-24 08:08:43,info,Importing session '/DISNEY-BACKBONE/RR1.WEST.51'...
2024-10-24 08:08:43,info,Importing session '/DISNEY-BACKBONE/RR2.WEST.52'...
2024-10-24 08:08:43,info,Importing session '/DISNEY-BACKBONE/RR1.EAST.53'...
2024-10-24 08:08:43,info,Importing session '/DISNEY-BACKBONE/RR2.EAST.54'...
2024-10-24 08:08:43,info,Importing firewalls...
2024-10-24 08:08:43,warn,No settings for firewalls could be found in file to import
2024-10-24 08:08:43,info,Importing saved credentials...
2024-10-24 08:08:43,warn,No settings for saved credentials could be found in file to import
2024-10-24 08:08:43,info,Importing highlight keywords...
2024-10-24 08:08:43,warn,No settings for highlight keywords could be found in file to import
2024-10-24 08:08:43,info,Importing button bars...
2024-10-24 08:08:43,warn,No settings for button bars could be found in file to import
2024-10-24 08:08:43,info,Importing color schemes...
2024-10-24 08:08:43,warn,No settings for color schemes could be found in file to import
2024-10-24 08:08:43,info,Importing protocol options...
2024-10-24 08:08:43,warn,No settings for protocol options could be found in file to import
2024-10-24 08:08:43,info,Importing synchronize sessions...
2024-10-24 08:08:43,warn,No settings for synchronize sessions could be found in file to import
2024-10-24 08:08:43,info,Importing synchronize filters...
2024-10-24 08:08:43,warn,No settings for synchronize filters could be found in file to import
2024-10-24 08:08:43,info,Importing associated files...
2024-10-24 08:08:43,info,Import from /Users/mfierbau/sw_projects/ansible/disney-backbone/secure_crt/secure_crt_DISNEY-BACKBONE.xml to /Users/mfierbau/Library/Application Support/VanDyke/SecureCRT/Config complete
